16:04:26.033 [restartedMain] INFO  com.server.ServerApplication - Starting ServerApplication using Java 17.0.9 with PID 23172 (D:\college_erp_student_module\server\target\classes started by Lenovo in D:\college_erp_student_module\server)
16:04:26.042 [restartedMain] DEBUG com.server.ServerApplication - Running with Spring Boot v3.2.0, Spring v6.1.1
16:04:26.044 [restartedMain] INFO  com.server.ServerApplication - No active profile set, falling back to 1 default profile: "default"
16:04:32.467 [restartedMain] DEBUG com.server.jwt.JwtFilter - Filter 'jwtFilter' configured for use
16:04:33.911 [restartedMain] INFO  com.server.ServerApplication - Started ServerApplication in 8.359 seconds (process running for 9.744)
16:04:33.918 [restartedMain] INFO  com.server.ServerApplication - Server Started......
16:12:30.240 [http-nio-8085-exec-4] DEBUG com.server.jwt.JwtController - Auth Request: JwtRequestDTO(username=user@gmail.com, password=user)
16:12:30.245 [http-nio-8085-exec-4] INFO  com.server.jwt.JwtController - stage 1/3 controller login jwt authenticated processing...
16:12:30.245 [http-nio-8085-exec-4] INFO  com.server.jwt.JwtController - stage 1.1/3  authenticate method controller processing...
16:12:30.247 [http-nio-8085-exec-4] INFO  com.server.jwt.JwtController - stage 1.2/3 authenticate method controller successfully confirm user credential.
16:12:30.362 [http-nio-8085-exec-4] INFO  com.server.jwt.CustomUserDetailService - Processing Authentication CustomUserDetailService Stage.
16:12:30.701 [http-nio-8085-exec-4] INFO  com.server.jwt.CustomUserDetailService - CustomUserDetailService stage completed successfully.
16:12:30.806 [http-nio-8085-exec-4] INFO  com.server.jwt.JwtController - stage 1/3 controller login jwt authenticated completed.
16:12:30.806 [http-nio-8085-exec-4] INFO  com.server.jwt.JwtController - stage 2/3 controller login jwt UserDetail processing...
16:12:30.807 [http-nio-8085-exec-4] INFO  com.server.jwt.CustomUserDetailService - Processing Authentication CustomUserDetailService Stage.
16:12:30.814 [http-nio-8085-exec-4] INFO  com.server.jwt.CustomUserDetailService - CustomUserDetailService stage completed successfully.
16:12:30.815 [http-nio-8085-exec-4] INFO  com.server.jwt.JwtController - stage 2/3 controller login jwt UserDetail  completed.
16:12:30.815 [http-nio-8085-exec-4] INFO  com.server.jwt.JwtController - stage 3/3 controller login jwtToken generateToken processing...
16:12:30.901 [http-nio-8085-exec-4] INFO  com.server.jwt.JwtController - stage 3/3 controller login jwtToken generateToken completed.
16:12:30.901 [http-nio-8085-exec-4] INFO  com.server.jwt.JwtController - login completed jwt token generated and send in response.
16:13:19.846 [http-nio-8085-exec-5] DEBUG com.server.jwt.JwtController - Auth Request: JwtRequestDTO(username=user@gmail.com, password=user)
16:13:19.846 [http-nio-8085-exec-5] INFO  com.server.jwt.JwtController - stage 1/3 controller login jwt authenticated processing...
16:13:19.846 [http-nio-8085-exec-5] INFO  com.server.jwt.JwtController - stage 1.1/3  authenticate method controller processing...
16:13:19.846 [http-nio-8085-exec-5] INFO  com.server.jwt.JwtController - stage 1.2/3 authenticate method controller successfully confirm user credential.
16:13:19.846 [http-nio-8085-exec-5] INFO  com.server.jwt.CustomUserDetailService - Processing Authentication CustomUserDetailService Stage.
16:13:19.850 [http-nio-8085-exec-5] INFO  com.server.jwt.CustomUserDetailService - CustomUserDetailService stage completed successfully.
16:13:19.915 [http-nio-8085-exec-5] INFO  com.server.jwt.JwtController - stage 1/3 controller login jwt authenticated completed.
16:13:19.916 [http-nio-8085-exec-5] INFO  com.server.jwt.JwtController - stage 2/3 controller login jwt UserDetail processing...
16:13:19.916 [http-nio-8085-exec-5] INFO  com.server.jwt.CustomUserDetailService - Processing Authentication CustomUserDetailService Stage.
16:13:19.921 [http-nio-8085-exec-5] INFO  com.server.jwt.CustomUserDetailService - CustomUserDetailService stage completed successfully.
16:13:19.921 [http-nio-8085-exec-5] INFO  com.server.jwt.JwtController - stage 2/3 controller login jwt UserDetail  completed.
16:13:19.921 [http-nio-8085-exec-5] INFO  com.server.jwt.JwtController - stage 3/3 controller login jwtToken generateToken processing...
16:13:19.922 [http-nio-8085-exec-5] INFO  com.server.jwt.JwtController - stage 3/3 controller login jwtToken generateToken completed.
16:13:19.922 [http-nio-8085-exec-5] INFO  com.server.jwt.JwtController - login completed jwt token generated and send in response.
16:13:44.517 [http-nio-8085-exec-9] DEBUG com.server.jwt.JwtController - Auth Request: JwtRequestDTO(username=user@gmail.com, password=user)
16:13:44.517 [http-nio-8085-exec-9] INFO  com.server.jwt.JwtController - stage 1/3 controller login jwt authenticated processing...
16:13:44.517 [http-nio-8085-exec-9] INFO  com.server.jwt.JwtController - stage 1.1/3  authenticate method controller processing...
16:13:44.517 [http-nio-8085-exec-9] INFO  com.server.jwt.JwtController - stage 1.2/3 authenticate method controller successfully confirm user credential.
16:13:44.517 [http-nio-8085-exec-9] INFO  com.server.jwt.CustomUserDetailService - Processing Authentication CustomUserDetailService Stage.
16:13:44.522 [http-nio-8085-exec-9] INFO  com.server.jwt.CustomUserDetailService - CustomUserDetailService stage completed successfully.
16:13:44.595 [http-nio-8085-exec-9] INFO  com.server.jwt.JwtController - stage 1/3 controller login jwt authenticated completed.
16:13:44.595 [http-nio-8085-exec-9] INFO  com.server.jwt.JwtController - stage 2/3 controller login jwt UserDetail processing...
16:13:44.596 [http-nio-8085-exec-9] INFO  com.server.jwt.CustomUserDetailService - Processing Authentication CustomUserDetailService Stage.
16:13:44.598 [http-nio-8085-exec-9] INFO  com.server.jwt.CustomUserDetailService - CustomUserDetailService stage completed successfully.
16:13:44.598 [http-nio-8085-exec-9] INFO  com.server.jwt.JwtController - stage 2/3 controller login jwt UserDetail  completed.
16:13:44.598 [http-nio-8085-exec-9] INFO  com.server.jwt.JwtController - stage 3/3 controller login jwtToken generateToken processing...
16:13:44.599 [http-nio-8085-exec-9] INFO  com.server.jwt.JwtController - stage 3/3 controller login jwtToken generateToken completed.
16:13:44.599 [http-nio-8085-exec-9] INFO  com.server.jwt.JwtController - login completed jwt token generated and send in response.
16:14:03.981 [http-nio-8085-exec-3] DEBUG com.server.jwt.JwtController - Auth Request: JwtRequestDTO(username=user@gmail.com, password=user)
16:14:03.981 [http-nio-8085-exec-3] INFO  com.server.jwt.JwtController - stage 1/3 controller login jwt authenticated processing...
16:14:03.981 [http-nio-8085-exec-3] INFO  com.server.jwt.JwtController - stage 1.1/3  authenticate method controller processing...
16:14:03.981 [http-nio-8085-exec-3] INFO  com.server.jwt.JwtController - stage 1.2/3 authenticate method controller successfully confirm user credential.
16:14:03.981 [http-nio-8085-exec-3] INFO  com.server.jwt.CustomUserDetailService - Processing Authentication CustomUserDetailService Stage.
16:14:03.985 [http-nio-8085-exec-3] INFO  com.server.jwt.CustomUserDetailService - CustomUserDetailService stage completed successfully.
16:14:04.056 [http-nio-8085-exec-3] INFO  com.server.jwt.JwtController - stage 1/3 controller login jwt authenticated completed.
16:14:04.056 [http-nio-8085-exec-3] INFO  com.server.jwt.JwtController - stage 2/3 controller login jwt UserDetail processing...
16:14:04.056 [http-nio-8085-exec-3] INFO  com.server.jwt.CustomUserDetailService - Processing Authentication CustomUserDetailService Stage.
16:14:04.060 [http-nio-8085-exec-3] INFO  com.server.jwt.CustomUserDetailService - CustomUserDetailService stage completed successfully.
16:14:04.060 [http-nio-8085-exec-3] INFO  com.server.jwt.JwtController - stage 2/3 controller login jwt UserDetail  completed.
16:14:04.060 [http-nio-8085-exec-3] INFO  com.server.jwt.JwtController - stage 3/3 controller login jwtToken generateToken processing...
16:14:04.061 [http-nio-8085-exec-3] INFO  com.server.jwt.JwtController - stage 3/3 controller login jwtToken generateToken completed.
16:14:04.062 [http-nio-8085-exec-3] INFO  com.server.jwt.JwtController - login completed jwt token generated and send in response.
16:15:04.383 [http-nio-8085-exec-5] DEBUG com.server.jwt.JwtController - Auth Request: JwtRequestDTO(username=user@gmail.com, password=user)
16:15:04.383 [http-nio-8085-exec-5] INFO  com.server.jwt.JwtController - stage 1/3 controller login jwt authenticated processing...
16:15:04.383 [http-nio-8085-exec-5] INFO  com.server.jwt.JwtController - stage 1.1/3  authenticate method controller processing...
16:15:04.383 [http-nio-8085-exec-5] INFO  com.server.jwt.JwtController - stage 1.2/3 authenticate method controller successfully confirm user credential.
16:15:04.383 [http-nio-8085-exec-5] INFO  com.server.jwt.CustomUserDetailService - Processing Authentication CustomUserDetailService Stage.
16:15:04.386 [http-nio-8085-exec-5] INFO  com.server.jwt.CustomUserDetailService - CustomUserDetailService stage completed successfully.
16:15:04.454 [http-nio-8085-exec-5] INFO  com.server.jwt.JwtController - stage 1/3 controller login jwt authenticated completed.
16:15:04.455 [http-nio-8085-exec-5] INFO  com.server.jwt.JwtController - stage 2/3 controller login jwt UserDetail processing...
16:15:04.455 [http-nio-8085-exec-5] INFO  com.server.jwt.CustomUserDetailService - Processing Authentication CustomUserDetailService Stage.
16:15:04.457 [http-nio-8085-exec-5] INFO  com.server.jwt.CustomUserDetailService - CustomUserDetailService stage completed successfully.
16:15:04.457 [http-nio-8085-exec-5] INFO  com.server.jwt.JwtController - stage 2/3 controller login jwt UserDetail  completed.
16:15:04.457 [http-nio-8085-exec-5] INFO  com.server.jwt.JwtController - stage 3/3 controller login jwtToken generateToken processing...
16:15:04.458 [http-nio-8085-exec-5] INFO  com.server.jwt.JwtController - stage 3/3 controller login jwtToken generateToken completed.
16:15:04.458 [http-nio-8085-exec-5] INFO  com.server.jwt.JwtController - login completed jwt token generated and send in response.
16:17:54.190 [http-nio-8085-exec-10] DEBUG com.server.jwt.JwtController - Auth Request: JwtRequestDTO(username=user@gmail.com, password=user)
16:17:54.190 [http-nio-8085-exec-10] INFO  com.server.jwt.JwtController - stage 1/3 controller login jwt authenticated processing...
16:17:54.190 [http-nio-8085-exec-10] INFO  com.server.jwt.JwtController - stage 1.1/3  authenticate method controller processing...
16:17:54.190 [http-nio-8085-exec-10] INFO  com.server.jwt.JwtController - stage 1.2/3 authenticate method controller successfully confirm user credential.
16:17:54.190 [http-nio-8085-exec-10] INFO  com.server.jwt.CustomUserDetailService - Processing Authentication CustomUserDetailService Stage.
16:17:54.194 [http-nio-8085-exec-10] INFO  com.server.jwt.CustomUserDetailService - CustomUserDetailService stage completed successfully.
16:17:54.260 [http-nio-8085-exec-10] INFO  com.server.jwt.JwtController - stage 1/3 controller login jwt authenticated completed.
16:17:54.260 [http-nio-8085-exec-10] INFO  com.server.jwt.JwtController - stage 2/3 controller login jwt UserDetail processing...
16:17:54.260 [http-nio-8085-exec-10] INFO  com.server.jwt.CustomUserDetailService - Processing Authentication CustomUserDetailService Stage.
16:17:54.262 [http-nio-8085-exec-10] INFO  com.server.jwt.CustomUserDetailService - CustomUserDetailService stage completed successfully.
16:17:54.262 [http-nio-8085-exec-10] INFO  com.server.jwt.JwtController - stage 2/3 controller login jwt UserDetail  completed.
16:17:54.262 [http-nio-8085-exec-10] INFO  com.server.jwt.JwtController - stage 3/3 controller login jwtToken generateToken processing...
16:17:54.263 [http-nio-8085-exec-10] INFO  com.server.jwt.JwtController - stage 3/3 controller login jwtToken generateToken completed.
16:17:54.263 [http-nio-8085-exec-10] INFO  com.server.jwt.JwtController - login completed jwt token generated and send in response.
16:21:17.055 [restartedMain] INFO  com.server.ServerApplication - Starting ServerApplication using Java 17.0.9 with PID 13236 (D:\college_erp_student_module\server\target\classes started by Lenovo in D:\college_erp_student_module\server)
16:21:17.059 [restartedMain] DEBUG com.server.ServerApplication - Running with Spring Boot v3.2.0, Spring v6.1.1
16:21:17.061 [restartedMain] INFO  com.server.ServerApplication - No active profile set, falling back to 1 default profile: "default"
16:21:23.692 [restartedMain] DEBUG com.server.jwt.JwtFilter - Filter 'jwtFilter' configured for use
16:21:26.072 [restartedMain] INFO  com.server.ServerApplication - Started ServerApplication in 9.461 seconds (process running for 10.569)
16:21:26.082 [restartedMain] INFO  com.server.ServerApplication - Server Started......
16:22:15.095 [http-nio-8085-exec-3] DEBUG com.server.jwt.JwtController - Auth Request: JwtRequestDTO(username=user@gmail.com, password=user)
16:22:15.097 [http-nio-8085-exec-3] INFO  com.server.jwt.JwtController - stage 1/3 controller login jwt authenticated processing...
16:22:15.097 [http-nio-8085-exec-3] INFO  com.server.jwt.JwtController - stage 1.1/3  authenticate method controller processing...
16:22:15.099 [http-nio-8085-exec-3] INFO  com.server.jwt.JwtController - stage 1.2/3 authenticate method controller successfully confirm user credential.
16:22:15.442 [http-nio-8085-exec-3] INFO  com.server.jwt.CustomUserDetailService - Processing Authentication CustomUserDetailService Stage.
16:22:15.816 [http-nio-8085-exec-3] INFO  com.server.jwt.CustomUserDetailService - CustomUserDetailService stage completed successfully.
16:22:16.115 [http-nio-8085-exec-3] INFO  com.server.jwt.JwtController - stage 1/3 controller login jwt authenticated completed.
16:22:16.115 [http-nio-8085-exec-3] INFO  com.server.jwt.JwtController - stage 2/3 controller login jwt UserDetail processing...
16:22:16.116 [http-nio-8085-exec-3] INFO  com.server.jwt.CustomUserDetailService - Processing Authentication CustomUserDetailService Stage.
16:22:16.126 [http-nio-8085-exec-3] INFO  com.server.jwt.CustomUserDetailService - CustomUserDetailService stage completed successfully.
16:22:16.126 [http-nio-8085-exec-3] INFO  com.server.jwt.JwtController - stage 2/3 controller login jwt UserDetail  completed.
16:22:16.126 [http-nio-8085-exec-3] INFO  com.server.jwt.JwtController - stage 3/3 controller login jwtToken generateToken processing...
16:22:16.261 [http-nio-8085-exec-3] INFO  com.server.jwt.JwtController - stage 3/3 controller login jwtToken generateToken completed.
16:22:16.262 [http-nio-8085-exec-3] INFO  com.server.jwt.JwtController - login completed jwt token generated and send in response.
16:23:21.134 [restartedMain] INFO  com.server.ServerApplication - Starting ServerApplication using Java 17.0.9 with PID 18176 (D:\college_erp_student_module\server\target\classes started by Lenovo in D:\college_erp_student_module\server)
16:23:21.137 [restartedMain] DEBUG com.server.ServerApplication - Running with Spring Boot v3.2.0, Spring v6.1.1
16:23:21.138 [restartedMain] INFO  com.server.ServerApplication - No active profile set, falling back to 1 default profile: "default"
16:23:28.133 [restartedMain] DEBUG com.server.jwt.JwtFilter - Filter 'jwtFilter' configured for use
16:23:32.657 [restartedMain] INFO  com.server.ServerApplication - Started ServerApplication in 11.893 seconds (process running for 13.066)
16:23:32.682 [restartedMain] INFO  com.server.ServerApplication - Server Started......
16:23:45.200 [http-nio-8085-exec-4] DEBUG com.server.jwt.JwtController - Auth Request: JwtRequestDTO(username=user@gmail.com, password=user)
16:23:45.202 [http-nio-8085-exec-4] INFO  com.server.jwt.JwtController - stage 1/3 controller login jwt authenticated processing...
16:23:45.202 [http-nio-8085-exec-4] INFO  com.server.jwt.JwtController - stage 1.1/3  authenticate method controller processing...
16:23:45.204 [http-nio-8085-exec-4] INFO  com.server.jwt.JwtController - stage 1.2/3 authenticate method controller successfully confirm user credential.
16:23:45.504 [http-nio-8085-exec-4] INFO  com.server.jwt.CustomUserDetailService - Processing Authentication CustomUserDetailService Stage.
16:23:45.879 [http-nio-8085-exec-4] INFO  com.server.jwt.CustomUserDetailService - CustomUserDetailService stage completed successfully.
16:23:46.182 [http-nio-8085-exec-4] INFO  com.server.jwt.JwtController - stage 1/3 controller login jwt authenticated completed.
16:23:46.183 [http-nio-8085-exec-4] INFO  com.server.jwt.JwtController - stage 2/3 controller login jwt UserDetail processing...
16:23:46.183 [http-nio-8085-exec-4] INFO  com.server.jwt.CustomUserDetailService - Processing Authentication CustomUserDetailService Stage.
16:23:46.192 [http-nio-8085-exec-4] INFO  com.server.jwt.CustomUserDetailService - CustomUserDetailService stage completed successfully.
16:23:46.193 [http-nio-8085-exec-4] INFO  com.server.jwt.JwtController - stage 2/3 controller login jwt UserDetail  completed.
16:23:46.193 [http-nio-8085-exec-4] INFO  com.server.jwt.JwtController - stage 3/3 controller login jwtToken generateToken processing...
16:23:46.300 [http-nio-8085-exec-4] INFO  com.server.jwt.JwtController - stage 3/3 controller login jwtToken generateToken completed.
16:23:46.300 [http-nio-8085-exec-4] INFO  com.server.jwt.JwtController - login completed jwt token generated and send in response.
16:29:39.981 [restartedMain] INFO  com.server.ServerApplication - Starting ServerApplication using Java 17.0.9 with PID 19988 (D:\college_erp_student_module\server\target\classes started by Lenovo in D:\college_erp_student_module\server)
16:29:39.984 [restartedMain] DEBUG com.server.ServerApplication - Running with Spring Boot v3.2.0, Spring v6.1.1
16:29:39.986 [restartedMain] INFO  com.server.ServerApplication - No active profile set, falling back to 1 default profile: "default"
16:29:46.351 [restartedMain] DEBUG com.server.jwt.JwtFilter - Filter 'jwtFilter' configured for use
16:29:51.085 [restartedMain] INFO  com.server.ServerApplication - Started ServerApplication in 11.515 seconds (process running for 12.5)
16:29:51.107 [restartedMain] INFO  com.server.ServerApplication - Server Started......
16:30:16.703 [http-nio-8085-exec-2] DEBUG com.server.jwt.JwtController - Auth Request: JwtRequestDTO(username=user@gmail.com, password=user)
16:30:16.705 [http-nio-8085-exec-2] INFO  com.server.jwt.JwtController - stage 1/3 controller login jwt authenticated processing...
16:30:16.706 [http-nio-8085-exec-2] INFO  com.server.jwt.JwtController - stage 1.1/3  authenticate method controller processing...
16:30:16.707 [http-nio-8085-exec-2] INFO  com.server.jwt.JwtController - stage 1.2/3 authenticate method controller successfully confirm user credential.
16:30:17.055 [http-nio-8085-exec-2] INFO  com.server.jwt.CustomUserDetailService - Processing Authentication CustomUserDetailService Stage.
16:30:17.409 [http-nio-8085-exec-2] INFO  com.server.jwt.CustomUserDetailService - CustomUserDetailService stage completed successfully.
16:30:17.705 [http-nio-8085-exec-2] INFO  com.server.jwt.JwtController - stage 1/3 controller login jwt authenticated completed.
16:30:17.705 [http-nio-8085-exec-2] INFO  com.server.jwt.JwtController - stage 2/3 controller login jwt UserDetail processing...
16:30:17.705 [http-nio-8085-exec-2] INFO  com.server.jwt.CustomUserDetailService - Processing Authentication CustomUserDetailService Stage.
16:30:17.720 [http-nio-8085-exec-2] INFO  com.server.jwt.CustomUserDetailService - CustomUserDetailService stage completed successfully.
16:30:17.720 [http-nio-8085-exec-2] INFO  com.server.jwt.JwtController - stage 2/3 controller login jwt UserDetail  completed.
16:30:17.721 [http-nio-8085-exec-2] INFO  com.server.jwt.JwtController - stage 3/3 controller login jwtToken generateToken processing...
16:30:17.833 [http-nio-8085-exec-2] INFO  com.server.jwt.JwtController - stage 3/3 controller login jwtToken generateToken completed.
16:30:17.833 [http-nio-8085-exec-2] INFO  com.server.jwt.JwtController - login completed jwt token generated and send in response.
